<?xml version="1.0" encoding="UTF-8"?>
<!-- Generated by org.testng.reporters.JUnitXMLReporter -->
<testsuite hostname="DELL" name="z" tests="3" failures="3" timestamp="19 Oct 2011 17:14:05 GMT" time="0.032" errors="0">
  <testcase name="testFaktorial1" time="0.016" classname="cviceni.Ukol1Test">
    <failure type="java.lang.IllegalArgumentException" message="Jsou podporovany jen kladne vstupy">
      <![CDATA[java.lang.IllegalArgumentException: Jsou podporovany jen kladne vstupy
	at cviceni.Ukol1.faktorial(Ukol1.java:23)
	at cviceni.Ukol1Test.testFaktorial1(Ukol1Test.java:12)
... Removed 24 stack frames]]>
    </failure>
  </testcase>
  <testcase name="testFaktorial2" time="0.0" classname="cviceni.Ukol1Test">
    <failure type="java.lang.UnsupportedOperationException" message="Zatim neimplementovano">
      <![CDATA[java.lang.UnsupportedOperationException: Zatim neimplementovano
	at cviceni.Ukol1Test.testFaktorial2(Ukol1Test.java:18)
... Removed 24 stack frames]]>
    </failure>
  </testcase>
  <testcase name="testFaktorial3" time="0.0" classname="cviceni.Ukol1Test">
    <failure type="java.lang.UnsupportedOperationException" message="Zatim neimplementovano">
      <![CDATA[java.lang.UnsupportedOperationException: Zatim neimplementovano
	at cviceni.Ukol1Test.testFaktorial3(Ukol1Test.java:23)
... Removed 24 stack frames]]>
    </failure>
  </testcase>
</testsuite>
