<?xml version="1.0" encoding="UTF-8" ?>
<testsuite errors="0" failures="0" hostname="wox2" name="Core.RowTest" tests="11" time="0.094" timestamp="2009-07-05T16:35:30">
  <properties>
[...]
</properties>
  <testcase classname="Core.RowTest" name="testConstructor" time="0.0" />
  <testcase classname="Core.RowTest" name="testSetField" time="0.0" />
  <testcase classname="Core.RowTest" name="testGetLength" time="0.0" />
  <testcase classname="Core.RowTest" name="testSetArray" time="0.0" />
  <testcase classname="Core.RowTest" name="testAdd" time="0.0" />
  <testcase classname="Core.RowTest" name="testSubtract" time="0.0" />
  <testcase classname="Core.RowTest" name="testGetField" time="0.016" />
  <testcase classname="Core.RowTest" name="testScalarMultiply" time="0.0" />
  <testcase classname="Core.RowTest" name="testIsZero" time="0.0" />
  <testcase classname="Core.RowTest" name="testAddField" time="0.0" />
  <testcase classname="Core.RowTest" name="testRemoveField" time="0.0" />
  <system-out><![CDATA[setField
getLength
yes
setArray
add
subtract
getField
scalarMultiply
isZero
addField
removeField
]]></system-out>
  <system-err><![CDATA[]]></system-err>
</testsuite>
