<?xml version="1.0" encoding="UTF-8" ?>
<testsuite errors="3" failures="3" hostname="wox2" name="Core.MatrixTest" tests="20" time="0.235" timestamp="2009-07-03T04:26:51">
  <properties>
[...]
</properties>
  <testcase classname="Core.MatrixTest" name="testEmptyConstructor" time="0.015" />
  <testcase classname="Core.MatrixTest" name="testGetField" time="0.0" />
  <testcase classname="Core.MatrixTest" name="testSetField" time="0.0" />
  <testcase classname="Core.MatrixTest" name="testGetNumberRows" time="0.0" />
  <testcase classname="Core.MatrixTest" name="testGetNumberColumns" time="0.0" />
  <testcase classname="Core.MatrixTest" name="testGetAllRows" time="0.0" />
  <testcase classname="Core.MatrixTest" name="testFill" time="0.0" />
  <testcase classname="Core.MatrixTest" name="testAdd" time="0.0" />
  <testcase classname="Core.MatrixTest" name="testSubtract" time="0.0" />
  <testcase classname="Core.MatrixTest" name="testTranspose" time="0.0" />
  <testcase classname="Core.MatrixTest" name="testMultiple" time="0.0" />
  <testcase classname="Core.MatrixTest" name="testAddRow" time="0.0" />
  <testcase classname="Core.MatrixTest" name="testAddCollumn" time="0.0" />
  <testcase classname="Core.MatrixTest" name="testRemoveRow" time="0.0" />
  <testcase classname="Core.MatrixTest" name="testRemoveCollumn" time="0.0">
    <error message="Index: 1, Size: 1" type="java.lang.IndexOutOfBoundsException">java.lang.IndexOutOfBoundsException: Index: 1, Size: 1
	at java.util.ArrayList.RangeCheck(ArrayList.java:547)
	at java.util.ArrayList.remove(ArrayList.java:387)
	at Core.Row.removeField(Row.java:103)
	at Core.Matrix.removeCollumn(Matrix.java:163)
	at Core.MatrixTest.testRemoveCollumn(MatrixTest.java:346)
</error>
  </testcase>
  <testcase classname="Core.MatrixTest" name="testToXML" time="0.0">
    <error message="expected:&lt;[]&gt; but was:&lt;[&lt;?xml version=&quot;1.0&quot; encoding=&quot;Window UTF-8&quot;?&gt;
&lt;Matrix&gt;
&lt;Description&gt;
    &lt;rows&gt;5&lt;/rows&gt;
    &lt;columns&gt;5&lt;/columns&gt;
&lt;/Description&gt;
&lt;row&gt;
    &lt;cell&gt;0.0&lt;/cell&gt;
    &lt;cell&gt;0.0&lt;/cell&gt;
    &lt;cell&gt;0.0&lt;/cell&gt;
    &lt;cell&gt;0.0&lt;/cell&gt;
    &lt;cell&gt;0.0&lt;/cell&gt;
&lt;/row&gt;
&lt;row&gt;
    &lt;cell&gt;0.0&lt;/cell&gt;
    &lt;cell&gt;0.0&lt;/cell&gt;
    &lt;cell&gt;0.0&lt;/cell&gt;
    &lt;cell&gt;0.0&lt;/cell&gt;
    &lt;cell&gt;0.0&lt;/cell&gt;
&lt;/row&gt;
&lt;row&gt;
    &lt;cell&gt;0.0&lt;/cell&gt;
    &lt;cell&gt;0.0&lt;/cell&gt;
    &lt;cell&gt;0.0&lt;/cell&gt;
    &lt;cell&gt;0.0&lt;/cell&gt;
    &lt;cell&gt;0.0&lt;/cell&gt;
&lt;/row&gt;
&lt;row&gt;
    &lt;cell&gt;0.0&lt;/cell&gt;
    &lt;cell&gt;0.0&lt;/cell&gt;
    &lt;cell&gt;0.0&lt;/cell&gt;
    &lt;cell&gt;0.0&lt;/cell&gt;
    &lt;cell&gt;0.0&lt;/cell&gt;
&lt;/row&gt;
&lt;row&gt;
    &lt;cell&gt;0.0&lt;/cell&gt;
    &lt;cell&gt;0.0&lt;/cell&gt;
    &lt;cell&gt;0.0&lt;/cell&gt;
    &lt;cell&gt;0.0&lt;/cell&gt;
    &lt;cell&gt;0.0&lt;/cell&gt;
&lt;/row&gt;
&lt;/Matrix&gt;]&gt;" type="org.junit.ComparisonFailure">&lt;Matrix&gt;
&lt;Description&gt;
    &lt;rows&gt;5&lt;/rows&gt;
    &lt;columns&gt;5&lt;/columns&gt;
&lt;/Description&gt;
&lt;row&gt;
    &lt;cell&gt;0.0&lt;/cell&gt;
    &lt;cell&gt;0.0&lt;/cell&gt;
    &lt;cell&gt;0.0&lt;/cell&gt;
    &lt;cell&gt;0.0&lt;/cell&gt;
    &lt;cell&gt;0.0&lt;/cell&gt;
&lt;/row&gt;
&lt;row&gt;
    &lt;cell&gt;0.0&lt;/cell&gt;
    &lt;cell&gt;0.0&lt;/cell&gt;
    &lt;cell&gt;0.0&lt;/cell&gt;
    &lt;cell&gt;0.0&lt;/cell&gt;
    &lt;cell&gt;0.0&lt;/cell&gt;
&lt;/row&gt;
&lt;row&gt;
    &lt;cell&gt;0.0&lt;/cell&gt;
    &lt;cell&gt;0.0&lt;/cell&gt;
    &lt;cell&gt;0.0&lt;/cell&gt;
    &lt;cell&gt;0.0&lt;/cell&gt;
    &lt;cell&gt;0.0&lt;/cell&gt;
&lt;/row&gt;
&lt;row&gt;
    &lt;cell&gt;0.0&lt;/cell&gt;
    &lt;cell&gt;0.0&lt;/cell&gt;
    &lt;cell&gt;0.0&lt;/cell&gt;
    &lt;cell&gt;0.0&lt;/cell&gt;
    &lt;cell&gt;0.0&lt;/cell&gt;
&lt;/row&gt;
&lt;row&gt;
    &lt;cell&gt;0.0&lt;/cell&gt;
    &lt;cell&gt;0.0&lt;/cell&gt;
    &lt;cell&gt;0.0&lt;/cell&gt;
    &lt;cell&gt;0.0&lt;/cell&gt;
    &lt;cell&gt;0.0&lt;/cell&gt;
&lt;/row&gt;
&lt;/Matrix&gt;]&gt;
	at Core.MatrixTest.testToXML(MatrixTest.java:360)
</error>
  </testcase>
  <testcase classname="Core.MatrixTest" name="testToString" time="0.016">
    <error message="expected:&lt;[]&gt; but was:&lt;[    0.0    0.0    0.0    0.0    0.0
    0.0    0.0    0.0    0.0    0.0
    0.0    0.0    0.0    0.0    0.0
    0.0    0.0    0.0    0.0    0.0
    0.0    0.0    0.0    0.0    0.0
]&gt;" type="org.junit.ComparisonFailure">    0.0    0.0    0.0    0.0    0.0
    0.0    0.0    0.0    0.0    0.0
    0.0    0.0    0.0    0.0    0.0
    0.0    0.0    0.0    0.0    0.0
]&gt;
	at Core.MatrixTest.testToString(MatrixTest.java:374)
</error>
  </testcase>
  <testcase classname="Core.MatrixTest" name="testSetRow" time="0.0">
    <failure message="The test case is a prototype." type="junit.framework.AssertionFailedError">junit.framework.AssertionFailedError: The test case is a prototype.
	at Core.MatrixTest.testSetRow(MatrixTest.java:390)
</failure>
  </testcase>
  <testcase classname="Core.MatrixTest" name="testGetRow" time="0.0">
    <failure message="expected:&lt;null&gt; but was:&lt;Core.Row@1989b5&gt;" type="junit.framework.AssertionFailedError">junit.framework.AssertionFailedError: expected:&lt;null&gt; but was:&lt;Core.Row@1989b5&gt;
	at Core.MatrixTest.testGetRow(MatrixTest.java:403)
</failure>
  </testcase>
  <testcase classname="Core.MatrixTest" name="testMultipleByConstant" time="0.0">
    <failure message="expected:&lt;null&gt; but was:&lt;    0.0    0.0    0.0    0.0    0.0
    0.0    0.0    0.0    0.0    0.0
    0.0    0.0    0.0    0.0    0.0
    0.0    0.0    0.0    0.0    0.0
    0.0    0.0    0.0    0.0    0.0
&gt;" type="junit.framework.AssertionFailedError">junit.framework.AssertionFailedError: expected:&lt;null&gt; but was:&lt;    0.0    0.0    0.0    0.0    0.0
    0.0    0.0    0.0    0.0    0.0
    0.0    0.0    0.0    0.0    0.0
    0.0    0.0    0.0    0.0    0.0
    0.0    0.0    0.0    0.0    0.0
&gt;
    0.0    0.0    0.0    0.0    0.0
    0.0    0.0    0.0    0.0    0.0
    0.0    0.0    0.0    0.0    0.0
    0.0    0.0    0.0    0.0    0.0
&gt;
	at Core.MatrixTest.testMultipleByConstant(MatrixTest.java:418)
</failure>
  </testcase>
  <system-out><![CDATA[getField
setField
getNumberRows
getNumberColumns
getAllRows
fill
add
subtract
transpose
multiple
addRow
addCollumn
removeRow
removeCollumn
toXML
toString
setRow
getRow
multipleByConstant
]]></system-out>
  <system-err><![CDATA[]]></system-err>
</testsuite>
